Determining if the pthread_create exist failed with the following output:
Change Dir: /home/pi/Documents/sound_manager/libsoundio/build/CMakeFiles/CMakeTmp

Run Build Command:"/usr/bin/make" "cmTC_9d5a5/fast"
/usr/bin/make -f CMakeFiles/cmTC_9d5a5.dir/build.make CMakeFiles/cmTC_9d5a5.dir/build
make[1]: Entering directory '/home/pi/Documents/sound_manager/libsoundio/build/CMakeFiles/CMakeTmp'
Building C object CMakeFiles/cmTC_9d5a5.dir/CheckSymbolExists.c.o
/usr/bin/cc     -o CMakeFiles/cmTC_9d5a5.dir/CheckSymbolExists.c.o   -c /home/pi/Documents/sound_manager/libsoundio/build/CMakeFiles/CMakeTmp/CheckSymbolExists.c
Linking C executable cmTC_9d5a5
/usr/bin/cmake -E cmake_link_script CMakeFiles/cmTC_9d5a5.dir/link.txt --verbose=1
/usr/bin/cc       CMakeFiles/cmTC_9d5a5.dir/CheckSymbolExists.c.o  -o cmTC_9d5a5 -rdynamic 
CMakeFiles/cmTC_9d5a5.dir/CheckSymbolExists.c.o: In function `main':
CheckSymbolExists.c:(.text+0x38): undefined reference to `pthread_create'
collect2: error: ld returned 1 exit status
CMakeFiles/cmTC_9d5a5.dir/build.make:97: recipe for target 'cmTC_9d5a5' failed
make[1]: *** [cmTC_9d5a5] Error 1
make[1]: Leaving directory '/home/pi/Documents/sound_manager/libsoundio/build/CMakeFiles/CMakeTmp'
Makefile:126: recipe for target 'cmTC_9d5a5/fast' failed
make: *** [cmTC_9d5a5/fast] Error 2

File /home/pi/Documents/sound_manager/libsoundio/build/CMakeFiles/CMakeTmp/CheckSymbolExists.c:
/* */
#include <pthread.h>

int main(int argc, char** argv)
{
  (void)argv;
#ifndef pthread_create
  return ((int*)(&pthread_create))[argc];
#else
  (void)argc;
  return 0;
#endif
}

Determining if the function pthread_create exists in the pthreads failed with the following output:
Change Dir: /home/pi/Documents/sound_manager/libsoundio/build/CMakeFiles/CMakeTmp

Run Build Command:"/usr/bin/make" "cmTC_817b8/fast"
/usr/bin/make -f CMakeFiles/cmTC_817b8.dir/build.make CMakeFiles/cmTC_817b8.dir/build
make[1]: Entering directory '/home/pi/Documents/sound_manager/libsoundio/build/CMakeFiles/CMakeTmp'
Building C object CMakeFiles/cmTC_817b8.dir/CheckFunctionExists.c.o
/usr/bin/cc    -DCHECK_FUNCTION_EXISTS=pthread_create   -o CMakeFiles/cmTC_817b8.dir/CheckFunctionExists.c.o   -c /usr/share/cmake-3.7/Modules/CheckFunctionExists.c
Linking C executable cmTC_817b8
/usr/bin/cmake -E cmake_link_script CMakeFiles/cmTC_817b8.dir/link.txt --verbose=1
/usr/bin/cc   -DCHECK_FUNCTION_EXISTS=pthread_create    CMakeFiles/cmTC_817b8.dir/CheckFunctionExists.c.o  -o cmTC_817b8 -rdynamic -lpthreads 
/usr/bin/ld: cannot find -lpthreads
collect2: error: ld returned 1 exit status
CMakeFiles/cmTC_817b8.dir/build.make:97: recipe for target 'cmTC_817b8' failed
make[1]: *** [cmTC_817b8] Error 1
make[1]: Leaving directory '/home/pi/Documents/sound_manager/libsoundio/build/CMakeFiles/CMakeTmp'
Makefile:126: recipe for target 'cmTC_817b8/fast' failed
make: *** [cmTC_817b8/fast] Error 2


Determining if the function jack_set_port_rename_callback exists in the jack failed with the following output:
Change Dir: /home/pi/Documents/sound_manager/libsoundio/build/CMakeFiles/CMakeTmp

Run Build Command:"/usr/bin/make" "cmTC_85e7c/fast"
/usr/bin/make -f CMakeFiles/cmTC_85e7c.dir/build.make CMakeFiles/cmTC_85e7c.dir/build
make[1]: Entering directory '/home/pi/Documents/sound_manager/libsoundio/build/CMakeFiles/CMakeTmp'
Building C object CMakeFiles/cmTC_85e7c.dir/CheckFunctionExists.c.o
/usr/bin/cc    -DCHECK_FUNCTION_EXISTS=jack_set_port_rename_callback   -o CMakeFiles/cmTC_85e7c.dir/CheckFunctionExists.c.o   -c /usr/share/cmake-3.7/Modules/CheckFunctionExists.c
Linking C executable cmTC_85e7c
/usr/bin/cmake -E cmake_link_script CMakeFiles/cmTC_85e7c.dir/link.txt --verbose=1
/usr/bin/cc   -DCHECK_FUNCTION_EXISTS=jack_set_port_rename_callback    CMakeFiles/cmTC_85e7c.dir/CheckFunctionExists.c.o  -o cmTC_85e7c  -L/home/pi/Documents/sound_manager/libsoundio/build/CMakeFiles/CMakeTmp/JACK_LIBRARY-NOTFOUND -Wl,-rpath,/home/pi/Documents/sound_manager/libsoundio/build/CMakeFiles/CMakeTmp/JACK_LIBRARY-NOTFOUND -rdynamic -ljack 
/usr/bin/ld: cannot find -ljack
collect2: error: ld returned 1 exit status
CMakeFiles/cmTC_85e7c.dir/build.make:97: recipe for target 'cmTC_85e7c' failed
make[1]: *** [cmTC_85e7c] Error 1
make[1]: Leaving directory '/home/pi/Documents/sound_manager/libsoundio/build/CMakeFiles/CMakeTmp'
Makefile:126: recipe for target 'cmTC_85e7c/fast' failed
make: *** [cmTC_85e7c/fast] Error 2


